<?xml version="1.0" encoding="UTF-8"?>
<!-- Generated by org.testng.reporters.JUnitReportReporter -->
<testsuite hostname="LAPTOP-JVFJOTIN" failures="0" tests="1" name="FernPOM.DemoBlaze.RegistrationTest" time="41.606" errors="0" timestamp="2021-11-24T17:18:59 SAST" skipped="0">
  <testcase classname="FernPOM.DemoBlaze.RegistrationTest" name="test_registration_feature" time="41.606"/>
  <system-out/>
</testsuite> <!-- FernPOM.DemoBlaze.RegistrationTest -->
