<?xml version="1.0" encoding="UTF-8"?>
<!-- Generated by org.testng.reporters.JUnitReportReporter -->
<testsuite hostname="LAPTOP-JVFJOTIN" failures="0" tests="1" name="FernPOM.DemoBlaze.LoginTest" time="15.033" errors="0" timestamp="2022-05-09T20:33:06 SAST" skipped="0">
  <testcase classname="FernPOM.DemoBlaze.LoginTest" name="test_login_feature" time="15.033"/>
  <system-out/>
</testsuite> <!-- FernPOM.DemoBlaze.LoginTest -->
