<?xml version="1.0" encoding="UTF-8"?>
<!-- Generated by org.testng.reporters.JUnitReportReporter -->
<testsuite hostname="LAPTOP-JVFJOTIN" failures="0" tests="1" name="FernPOM.DemoBlaze.PlaceOrderTest" time="44.571" errors="0" timestamp="2022-05-09T23:51:56 SAST" skipped="0">
  <testcase classname="FernPOM.DemoBlaze.PlaceOrderTest" name="place_order_feature" time="44.571"/>
  <system-out/>
</testsuite> <!-- FernPOM.DemoBlaze.PlaceOrderTest -->
